<?xml version="1.0" encoding="UTF-8"?>
<!-- Generated by org.testng.reporters.JUnitReportReporter -->
<testsuite hostname="Vedant-Honor" failures="0" tests="1" name="Campaign.CreateCampaignwithProduct1Test" time="11.794" errors="0" timestamp="2023-04-07T22:06:57 BST" skipped="0">
  <testcase classname="Campaign.CreateCampaignwithProduct1Test" name="CreateCampaignwithProduct1" time="11.794"/>
  <system-out/>
</testsuite> <!-- Campaign.CreateCampaignwithProduct1Test -->
