<?xml version="1.0" encoding="UTF-8"?>
<!-- Generated by org.testng.reporters.JUnitReportReporter -->
<testsuite hostname="Vedant-Honor" failures="0" tests="1" name="Campaign.CreateCampaignTest" time="25.082" errors="0" timestamp="2023-04-07T11:32:33 BST" skipped="0">
  <testcase classname="Campaign.CreateCampaignTest" name="CreateCampaign" time="25.082"/>
  <system-out/>
</testsuite> <!-- Campaign.CreateCampaignTest -->
