<?xml version="1.0" encoding="UTF-8"?>
<!-- Generated by org.testng.reporters.JUnitReportReporter -->
<testsuite hostname="Vedant-Honor" failures="0" tests="5" name="Practice1.SampleTestNg" time="0.015" errors="0" timestamp="2023-04-07T10:23:01 BST" skipped="0">
  <testcase classname="Practice1.SampleTestNg" name="modifyContact" time="0.001"/>
  <system-out/>
  <testcase classname="Practice1.SampleTestNg" name="createContact" time="0.011"/>
  <system-out/>
  <testcase classname="Practice1.SampleTestNg" name="createContact" time="0.001"/>
  <system-out/>
  <testcase classname="Practice1.SampleTestNg" name="createContact" time="0.000"/>
  <system-out/>
  <testcase classname="Practice1.SampleTestNg" name="deleteContact" time="0.002"/>
  <system-out/>
</testsuite> <!-- Practice1.SampleTestNg -->
