<?xml version="1.0" encoding="UTF-8"?>
<!-- Generated by org.testng.reporters.JUnitReportReporter -->
<testsuite hostname="Vedant-Honor" failures="0" tests="1" name="product.CreateProduct1Test" time="25.018" errors="0" timestamp="2023-04-13T21:31:09 BST" skipped="0">
  <testcase classname="product.CreateProduct1Test" name="CreateProduct1" time="25.018"/>
  <system-out/>
</testsuite> <!-- product.CreateProduct1Test -->
