<?xml version="1.0" encoding="UTF-8"?>
<!-- Generated by org.testng.reporters.JUnitReportReporter -->
<testsuite hostname="Vedant-Honor" failures="0" tests="3" name="Practice1.DataproviderEx" time="0.012" errors="0" timestamp="2023-04-14T10:28:16 BST" skipped="0">
  <testcase classname="Practice1.DataproviderEx" name="readData" time="0.002"/>
  <system-out/>
  <testcase classname="Practice1.DataproviderEx" name="readData" time="0.001"/>
  <system-out/>
  <testcase classname="Practice1.DataproviderEx" name="readData" time="0.009"/>
  <system-out/>
</testsuite> <!-- Practice1.DataproviderEx -->
