<?xml version="1.0" encoding="UTF-8"?>
<!-- Generated by org.testng.reporters.JUnitReportReporter -->
<testsuite hostname="Vedant-Honor" failures="0" tests="2" name="Practice1.SoftAssertTest" time="0.010" errors="0" timestamp="2023-04-12T16:25:20 BST" skipped="0">
  <testcase classname="Practice1.SoftAssertTest" name="createContact" time="0.009"/>
  <system-out/>
  <testcase classname="Practice1.SoftAssertTest" name="m1" time="0.001"/>
  <system-out/>
</testsuite> <!-- Practice1.SoftAssertTest -->
