<?xml version="1.0" encoding="UTF-8"?>
<!-- Generated by org.testng.reporters.JUnitReportReporter -->
<testsuite hostname="Vedant-Honor" failures="0" tests="3" name="Practice1.DataproviderExample" time="0.015" errors="0" timestamp="2023-04-13T11:22:15 BST" skipped="0">
  <testcase classname="Practice1.DataproviderExample" name="booktickets" time="0.001"/>
  <system-out/>
  <testcase classname="Practice1.DataproviderExample" name="booktickets" time="0.002"/>
  <system-out/>
  <testcase classname="Practice1.DataproviderExample" name="booktickets" time="0.012"/>
  <system-out/>
</testsuite> <!-- Practice1.DataproviderExample -->
