<?xml version="1.0" encoding="UTF-8"?>
<!-- Generated by org.testng.reporters.JUnitReportReporter -->
<testsuite hostname="Vedant-Honor" failures="0" tests="1" name="Organization.CreateOrganization" time="18.965" errors="0" timestamp="2023-04-07T10:25:22 BST" skipped="0">
  <testcase classname="Organization.CreateOrganization" name="CreateOrganization" time="18.965"/>
  <system-out/>
</testsuite> <!-- Organization.CreateOrganization -->
